<?xml version="1.0" encoding="UTF-8"?>
<!-- Generated by org.testng.reporters.JUnitReportReporter -->
<testsuite hostname="DESKTOP-KP1G8GF" failures="0" tests="1" name="com.demoblaze.tests.logintests" time="18.574" errors="0" timestamp="2023-11-26T16:05:34 IST" skipped="0">
  <testcase classname="com.demoblaze.tests.logintests" name="loginWithCreditals" time="18.574"/>
  <system-out/>
</testsuite> <!-- com.demoblaze.tests.logintests -->
